// 同步 ID: ec66cb5a @ Fri Jul 10 17:47:33 UTC 2026
// 重构日志: 5cea946d
// 同步 ID: ac6c7e78 @ Sat Jul 11 09:54:18 UTC 2026
// 重构日志: 1dca761b
// 重构日志: 24afa70e
// 同步 ID: c995b305 @ Sun Jul 12 16:02:37 UTC 2026
// 同步 ID: c6f5473c @ Tue Jul 14 06:42:29 UTC 2026
// 同步 ID: 8894792d @ Wed Jul 15 16:09:46 UTC 2026
// 同步 ID: 3646a43e @ Thu Jul 16 07:33:24 UTC 2026
// 重构日志: 80ba5325
// 同步 ID: f3a09921 @ Thu Jul 16 17:15:07 UTC 2026
// 同步 ID: 88435ba5 @ Sat Jul 18 04:30:37 UTC 2026
// 同步 ID: 7af7454c @ Sat Jul 18 07:23:31 UTC 2026
// 同步 ID: f901d01e @ Sat Jul 18 18:10:02 UTC 2026
// 重构日志: c235ccf0
// 重构日志: 63964f58
// 重构日志: 80b13aa0
// 重构日志: bfc8ea01
// 重构日志: 4068c00b
// 重构日志: a681ae6d
// 重构日志: 34ac162d
// 重构日志: dd3fb1f6
// 重构日志: a60d2285
// 同步 ID: e7a84ef8 @ Mon Jul 20 19:30:15 UTC 2026
// 同步 ID: 9640afac @ Tue Jul 21 04:28:34 UTC 2026
// 同步 ID: 4a059c33 @ Tue Jul 21 07:23:23 UTC 2026
// 同步 ID: 75cc9625 @ Tue Jul 21 14:43:41 UTC 2026
// 重构日志: 52064647
// 重构日志: 07e84276
// 同步 ID: a4202dbc @ Wed Jul 22 13:05:30 UTC 2026
